Determining if files sys/time.h;winsock.h exist failed with the following output:
Change Dir: /Users/umityoruk/Documents/PythonDev/NewSegmentation/Notebook/CppSource/gdcm-2.6.3/bin/CMakeFiles/CMakeTmp

Run Build Command:"/usr/bin/make" "cmTC_ebb71/fast"
/Applications/Xcode.app/Contents/Developer/usr/bin/make -f CMakeFiles/cmTC_ebb71.dir/build.make CMakeFiles/cmTC_ebb71.dir/build
Building C object CMakeFiles/cmTC_ebb71.dir/CheckIncludeFiles.c.o
/Applications/Xcode.app/Contents/Developer/Toolchains/XcodeDefault.xctoolchain/usr/bin/cc     -o CMakeFiles/cmTC_ebb71.dir/CheckIncludeFiles.c.o   -c /Users/umityoruk/Documents/PythonDev/NewSegmentation/Notebook/CppSource/gdcm-2.6.3/bin/CMakeFiles/CMakeTmp/CheckIncludeFiles.c
/Users/umityoruk/Documents/PythonDev/NewSegmentation/Notebook/CppSource/gdcm-2.6.3/bin/CMakeFiles/CMakeTmp/CheckIncludeFiles.c:3:10: fatal error: 'winsock.h' file not found
#include <winsock.h>
         ^
1 error generated.
make[1]: *** [CMakeFiles/cmTC_ebb71.dir/CheckIncludeFiles.c.o] Error 1
make: *** [cmTC_ebb71/fast] Error 2

Source:
/* */
#include <sys/time.h>
#include <winsock.h>


int main(void){return 0;}

Determining if files sys/time.h;byteswap.h exist failed with the following output:
Change Dir: /Users/umityoruk/Documents/PythonDev/NewSegmentation/Notebook/CppSource/gdcm-2.6.3/bin/CMakeFiles/CMakeTmp

Run Build Command:"/usr/bin/make" "cmTC_24b65/fast"
/Applications/Xcode.app/Contents/Developer/usr/bin/make -f CMakeFiles/cmTC_24b65.dir/build.make CMakeFiles/cmTC_24b65.dir/build
Building C object CMakeFiles/cmTC_24b65.dir/CheckIncludeFiles.c.o
/Applications/Xcode.app/Contents/Developer/Toolchains/XcodeDefault.xctoolchain/usr/bin/cc     -o CMakeFiles/cmTC_24b65.dir/CheckIncludeFiles.c.o   -c /Users/umityoruk/Documents/PythonDev/NewSegmentation/Notebook/CppSource/gdcm-2.6.3/bin/CMakeFiles/CMakeTmp/CheckIncludeFiles.c
/Users/umityoruk/Documents/PythonDev/NewSegmentation/Notebook/CppSource/gdcm-2.6.3/bin/CMakeFiles/CMakeTmp/CheckIncludeFiles.c:3:10: fatal error: 'byteswap.h' file not found
#include <byteswap.h>
         ^
1 error generated.
make[1]: *** [CMakeFiles/cmTC_24b65.dir/CheckIncludeFiles.c.o] Error 1
make: *** [cmTC_24b65/fast] Error 2

Source:
/* */
#include <sys/time.h>
#include <byteswap.h>


int main(void){return 0;}

Determining if the include file rpc.h exists failed with the following output:
Change Dir: /Users/umityoruk/Documents/PythonDev/NewSegmentation/Notebook/CppSource/gdcm-2.6.3/bin/CMakeFiles/CMakeTmp

Run Build Command:"/usr/bin/make" "cmTC_5de08/fast"
/Applications/Xcode.app/Contents/Developer/usr/bin/make -f CMakeFiles/cmTC_5de08.dir/build.make CMakeFiles/cmTC_5de08.dir/build
Building C object CMakeFiles/cmTC_5de08.dir/CheckIncludeFile.c.o
/Applications/Xcode.app/Contents/Developer/Toolchains/XcodeDefault.xctoolchain/usr/bin/cc     -o CMakeFiles/cmTC_5de08.dir/CheckIncludeFile.c.o   -c /Users/umityoruk/Documents/PythonDev/NewSegmentation/Notebook/CppSource/gdcm-2.6.3/bin/CMakeFiles/CMakeTmp/CheckIncludeFile.c
/Users/umityoruk/Documents/PythonDev/NewSegmentation/Notebook/CppSource/gdcm-2.6.3/bin/CMakeFiles/CMakeTmp/CheckIncludeFile.c:1:10: fatal error: 'rpc.h' file not found
#include <rpc.h>
         ^
1 error generated.
make[1]: *** [CMakeFiles/cmTC_5de08.dir/CheckIncludeFile.c.o] Error 1
make: *** [cmTC_5de08/fast] Error 2


Determining if the function _stricmp exists failed with the following output:
Change Dir: /Users/umityoruk/Documents/PythonDev/NewSegmentation/Notebook/CppSource/gdcm-2.6.3/bin/CMakeFiles/CMakeTmp

Run Build Command:"/usr/bin/make" "cmTC_8b11c/fast"
/Applications/Xcode.app/Contents/Developer/usr/bin/make -f CMakeFiles/cmTC_8b11c.dir/build.make CMakeFiles/cmTC_8b11c.dir/build
Building C object CMakeFiles/cmTC_8b11c.dir/CheckFunctionExists.c.o
/Applications/Xcode.app/Contents/Developer/Toolchains/XcodeDefault.xctoolchain/usr/bin/cc    -DCHECK_FUNCTION_EXISTS=_stricmp   -o CMakeFiles/cmTC_8b11c.dir/CheckFunctionExists.c.o   -c /usr/local/Cellar/cmake/3.4.1/share/cmake/Modules/CheckFunctionExists.c
Linking C executable cmTC_8b11c
/usr/local/Cellar/cmake/3.4.1/bin/cmake -E cmake_link_script CMakeFiles/cmTC_8b11c.dir/link.txt --verbose=1
/Applications/Xcode.app/Contents/Developer/Toolchains/XcodeDefault.xctoolchain/usr/bin/cc   -DCHECK_FUNCTION_EXISTS=_stricmp -Wl,-search_paths_first -Wl,-headerpad_max_install_names   CMakeFiles/cmTC_8b11c.dir/CheckFunctionExists.c.o  -o cmTC_8b11c  
Undefined symbols for architecture x86_64:
  "__stricmp", referenced from:
      _main in CheckFunctionExists.c.o
ld: symbol(s) not found for architecture x86_64
clang: error: linker command failed with exit code 1 (use -v to see invocation)
make[1]: *** [cmTC_8b11c] Error 1
make: *** [cmTC_8b11c/fast] Error 2


Determining if the function _strnicmp exists failed with the following output:
Change Dir: /Users/umityoruk/Documents/PythonDev/NewSegmentation/Notebook/CppSource/gdcm-2.6.3/bin/CMakeFiles/CMakeTmp

Run Build Command:"/usr/bin/make" "cmTC_2808a/fast"
/Applications/Xcode.app/Contents/Developer/usr/bin/make -f CMakeFiles/cmTC_2808a.dir/build.make CMakeFiles/cmTC_2808a.dir/build
Building C object CMakeFiles/cmTC_2808a.dir/CheckFunctionExists.c.o
/Applications/Xcode.app/Contents/Developer/Toolchains/XcodeDefault.xctoolchain/usr/bin/cc    -DCHECK_FUNCTION_EXISTS=_strnicmp   -o CMakeFiles/cmTC_2808a.dir/CheckFunctionExists.c.o   -c /usr/local/Cellar/cmake/3.4.1/share/cmake/Modules/CheckFunctionExists.c
Linking C executable cmTC_2808a
/usr/local/Cellar/cmake/3.4.1/bin/cmake -E cmake_link_script CMakeFiles/cmTC_2808a.dir/link.txt --verbose=1
/Applications/Xcode.app/Contents/Developer/Toolchains/XcodeDefault.xctoolchain/usr/bin/cc   -DCHECK_FUNCTION_EXISTS=_strnicmp -Wl,-search_paths_first -Wl,-headerpad_max_install_names   CMakeFiles/cmTC_2808a.dir/CheckFunctionExists.c.o  -o cmTC_2808a  
Undefined symbols for architecture x86_64:
  "__strnicmp", referenced from:
      _main in CheckFunctionExists.c.o
ld: symbol(s) not found for architecture x86_64
clang: error: linker command failed with exit code 1 (use -v to see invocation)
make[1]: *** [cmTC_2808a] Error 1
make: *** [cmTC_2808a/fast] Error 2


Determining if the function _snprintf exists failed with the following output:
Change Dir: /Users/umityoruk/Documents/PythonDev/NewSegmentation/Notebook/CppSource/gdcm-2.6.3/bin/CMakeFiles/CMakeTmp

Run Build Command:"/usr/bin/make" "cmTC_38625/fast"
/Applications/Xcode.app/Contents/Developer/usr/bin/make -f CMakeFiles/cmTC_38625.dir/build.make CMakeFiles/cmTC_38625.dir/build
Building C object CMakeFiles/cmTC_38625.dir/CheckFunctionExists.c.o
/Applications/Xcode.app/Contents/Developer/Toolchains/XcodeDefault.xctoolchain/usr/bin/cc    -DCHECK_FUNCTION_EXISTS=_snprintf   -o CMakeFiles/cmTC_38625.dir/CheckFunctionExists.c.o   -c /usr/local/Cellar/cmake/3.4.1/share/cmake/Modules/CheckFunctionExists.c
Linking C executable cmTC_38625
/usr/local/Cellar/cmake/3.4.1/bin/cmake -E cmake_link_script CMakeFiles/cmTC_38625.dir/link.txt --verbose=1
/Applications/Xcode.app/Contents/Developer/Toolchains/XcodeDefault.xctoolchain/usr/bin/cc   -DCHECK_FUNCTION_EXISTS=_snprintf -Wl,-search_paths_first -Wl,-headerpad_max_install_names   CMakeFiles/cmTC_38625.dir/CheckFunctionExists.c.o  -o cmTC_38625  
Undefined symbols for architecture x86_64:
  "__snprintf", referenced from:
      _main in CheckFunctionExists.c.o
ld: symbol(s) not found for architecture x86_64
clang: error: linker command failed with exit code 1 (use -v to see invocation)
make[1]: *** [cmTC_38625] Error 1
make: *** [cmTC_38625/fast] Error 2


Performing C++ SOURCE FILE Test GDCM_HAVE_WCHAR_IFSTREAM failed with the following output:
Change Dir: /Users/umityoruk/Documents/PythonDev/NewSegmentation/Notebook/CppSource/gdcm-2.6.3/bin/CMakeFiles/CMakeTmp

Run Build Command:"/usr/bin/make" "cmTC_c3049/fast"
/Applications/Xcode.app/Contents/Developer/usr/bin/make -f CMakeFiles/cmTC_c3049.dir/build.make CMakeFiles/cmTC_c3049.dir/build
Building CXX object CMakeFiles/cmTC_c3049.dir/src.cxx.o
/Applications/Xcode.app/Contents/Developer/Toolchains/XcodeDefault.xctoolchain/usr/bin/c++    -I/Users/umityoruk/Documents/PythonDev/NewSegmentation/Notebook/CppSource/gdcm-2.6.3/bin/CMakeFiles/CMakeTmp/math.h  -DNDEBUG -DGDCM_HAVE_WCHAR_IFSTREAM   -o CMakeFiles/cmTC_c3049.dir/src.cxx.o -c /Users/umityoruk/Documents/PythonDev/NewSegmentation/Notebook/CppSource/gdcm-2.6.3/bin/CMakeFiles/CMakeTmp/src.cxx
/Users/umityoruk/Documents/PythonDev/NewSegmentation/Notebook/CppSource/gdcm-2.6.3/bin/CMakeFiles/CMakeTmp/src.cxx:2:55: error: no matching constructor for initialization of 'std::ifstream' (aka 'basic_ifstream<char>')
int main() { const wchar_t fn[10] = {}; std::ifstream is( fn ); return 0;}
                                                      ^   ~~
/Applications/Xcode.app/Contents/Developer/Toolchains/XcodeDefault.xctoolchain/usr/bin/../include/c++/v1/iosfwd:131:33: note: candidate constructor (the implicit copy constructor) not viable: no known conversion from 'const wchar_t [10]' to 'const std::__1::basic_ifstream<char, std::__1::char_traits<char> >' for 1st argument
    class _LIBCPP_TYPE_VIS_ONLY basic_ifstream;
                                ^
/Applications/Xcode.app/Contents/Developer/Toolchains/XcodeDefault.xctoolchain/usr/bin/../include/c++/v1/fstream:1008:14: note: candidate constructor not viable: no known conversion from 'const wchar_t [10]' to 'const char *' for 1st argument
    explicit basic_ifstream(const char* __s, ios_base::openmode __mode = ios_base::in);
             ^
/Applications/Xcode.app/Contents/Developer/Toolchains/XcodeDefault.xctoolchain/usr/bin/../include/c++/v1/fstream:1009:14: note: candidate constructor not viable: no known conversion from 'const wchar_t [10]' to 'const string' (aka 'const basic_string<char, char_traits<char>, allocator<char> >') for 1st argument
    explicit basic_ifstream(const string& __s, ios_base::openmode __mode = ios_base::in);
             ^
/Applications/Xcode.app/Contents/Developer/Toolchains/XcodeDefault.xctoolchain/usr/bin/../include/c++/v1/fstream:1007:5: note: candidate constructor not viable: requires 0 arguments, but 1 was provided
    basic_ifstream();
    ^
1 error generated.
make[1]: *** [CMakeFiles/cmTC_c3049.dir/src.cxx.o] Error 1
make: *** [cmTC_c3049/fast] Error 2

Source file was:
#include <fstream>
int main() { const wchar_t fn[10] = {}; std::ifstream is( fn ); return 0;}
Determining if the system is big endian passed with the following output:
Change Dir: /Users/umityoruk/Documents/PythonDev/NewSegmentation/Notebook/CppSource/gdcm-2.6.3/bin/CMakeFiles/CMakeTmp

Run Build Command:"/usr/bin/make" "cmTC_55c0e/fast"
/Applications/Xcode.app/Contents/Developer/usr/bin/make -f CMakeFiles/cmTC_55c0e.dir/build.make CMakeFiles/cmTC_55c0e.dir/build
Building C object CMakeFiles/cmTC_55c0e.dir/TestEndianess.c.o
/Applications/Xcode.app/Contents/Developer/Toolchains/XcodeDefault.xctoolchain/usr/bin/cc     -o CMakeFiles/cmTC_55c0e.dir/TestEndianess.c.o   -c /Users/umityoruk/Documents/PythonDev/NewSegmentation/Notebook/CppSource/gdcm-2.6.3/bin/CMakeFiles/CMakeTmp/TestEndianess.c
Linking C executable cmTC_55c0e
/usr/local/Cellar/cmake/3.4.1/bin/cmake -E cmake_link_script CMakeFiles/cmTC_55c0e.dir/link.txt --verbose=1
/Applications/Xcode.app/Contents/Developer/Toolchains/XcodeDefault.xctoolchain/usr/bin/cc    -Wl,-search_paths_first -Wl,-headerpad_max_install_names   CMakeFiles/cmTC_55c0e.dir/TestEndianess.c.o  -o cmTC_55c0e  

TestEndianess.c:
/* A 16 bit integer is required. */
typedef unsigned short cmakeint16;

/* On a little endian machine, these 16bit ints will give "THIS IS LITTLE ENDIAN."
   On a big endian machine the characters will be exchanged pairwise. */
const cmakeint16 info_little[] =  {0x4854, 0x5349, 0x4920, 0x2053, 0x494c, 0x5454, 0x454c, 0x4520, 0x444e, 0x4149, 0x2e4e, 0x0000};

/* on a big endian machine, these 16bit ints will give "THIS IS BIG ENDIAN."
   On a little endian machine the characters will be exchanged pairwise. */
const cmakeint16 info_big[] =     {0x5448, 0x4953, 0x2049, 0x5320, 0x4249, 0x4720, 0x454e, 0x4449, 0x414e, 0x2e2e, 0x0000};

#ifdef __CLASSIC_C__
int main(argc, argv) int argc; char *argv[];
#else
int main(int argc, char *argv[])
#endif
{
  int require = 0;
  require += info_little[argc];
  require += info_big[argc];
  (void)argv;
  return require;
}


Determining if files sys/types.h;sys/prctl.h exist failed with the following output:
Change Dir: /Users/umityoruk/Documents/PythonDev/NewSegmentation/Notebook/CppSource/gdcm-2.6.3/bin/CMakeFiles/CMakeTmp

Run Build Command:"/usr/bin/make" "cmTC_f2f6a/fast"
/Applications/Xcode.app/Contents/Developer/usr/bin/make -f CMakeFiles/cmTC_f2f6a.dir/build.make CMakeFiles/cmTC_f2f6a.dir/build
Building C object CMakeFiles/cmTC_f2f6a.dir/CheckIncludeFiles.c.o
/Applications/Xcode.app/Contents/Developer/Toolchains/XcodeDefault.xctoolchain/usr/bin/cc     -o CMakeFiles/cmTC_f2f6a.dir/CheckIncludeFiles.c.o   -c /Users/umityoruk/Documents/PythonDev/NewSegmentation/Notebook/CppSource/gdcm-2.6.3/bin/CMakeFiles/CMakeTmp/CheckIncludeFiles.c
/Users/umityoruk/Documents/PythonDev/NewSegmentation/Notebook/CppSource/gdcm-2.6.3/bin/CMakeFiles/CMakeTmp/CheckIncludeFiles.c:3:10: fatal error: 'sys/prctl.h' file not found
#include <sys/prctl.h>
         ^
1 error generated.
make[1]: *** [CMakeFiles/cmTC_f2f6a.dir/CheckIncludeFiles.c.o] Error 1
make: *** [cmTC_f2f6a/fast] Error 2

Source:
/* */
#include <sys/types.h>
#include <sys/prctl.h>


int main(void){return 0;}

Determining if the system is big endian passed with the following output:
Change Dir: /Users/umityoruk/Documents/PythonDev/NewSegmentation/Notebook/CppSource/gdcm-2.6.3/bin/CMakeFiles/CMakeTmp

Run Build Command:"/usr/bin/make" "cmTC_46343/fast"
/Applications/Xcode.app/Contents/Developer/usr/bin/make -f CMakeFiles/cmTC_46343.dir/build.make CMakeFiles/cmTC_46343.dir/build
Building C object CMakeFiles/cmTC_46343.dir/TestEndianess.c.o
/Applications/Xcode.app/Contents/Developer/Toolchains/XcodeDefault.xctoolchain/usr/bin/cc     -o CMakeFiles/cmTC_46343.dir/TestEndianess.c.o   -c /Users/umityoruk/Documents/PythonDev/NewSegmentation/Notebook/CppSource/gdcm-2.6.3/bin/CMakeFiles/CMakeTmp/TestEndianess.c
Linking C executable cmTC_46343
/usr/local/Cellar/cmake/3.4.1/bin/cmake -E cmake_link_script CMakeFiles/cmTC_46343.dir/link.txt --verbose=1
/Applications/Xcode.app/Contents/Developer/Toolchains/XcodeDefault.xctoolchain/usr/bin/cc    -Wl,-search_paths_first -Wl,-headerpad_max_install_names   CMakeFiles/cmTC_46343.dir/TestEndianess.c.o  -o cmTC_46343  

TestEndianess.c:
/* A 16 bit integer is required. */
typedef unsigned short cmakeint16;

/* On a little endian machine, these 16bit ints will give "THIS IS LITTLE ENDIAN."
   On a big endian machine the characters will be exchanged pairwise. */
const cmakeint16 info_little[] =  {0x4854, 0x5349, 0x4920, 0x2053, 0x494c, 0x5454, 0x454c, 0x4520, 0x444e, 0x4149, 0x2e4e, 0x0000};

/* on a big endian machine, these 16bit ints will give "THIS IS BIG ENDIAN."
   On a little endian machine the characters will be exchanged pairwise. */
const cmakeint16 info_big[] =     {0x5448, 0x4953, 0x2049, 0x5320, 0x4249, 0x4720, 0x454e, 0x4449, 0x414e, 0x2e2e, 0x0000};

#ifdef __CLASSIC_C__
int main(argc, argv) int argc; char *argv[];
#else
int main(int argc, char *argv[])
#endif
{
  int require = 0;
  require += info_little[argc];
  require += info_big[argc];
  (void)argv;
  return require;
}


